[13:02:04.002906 WARN] No valid weather file defined in either the osm or osw.
[13:02:05.295895 WARN] weather_file.path is .
[13:02:15.294066 WARN] Could not find color for 90.1-2004 MidriseApartment Apartment
[13:02:15.294916 WARN] Could not find color for 90.1-2004 MidriseApartment Corridor
[13:02:15.295726 WARN] Could not find color for 90.1-2004 MidriseApartment Office
[13:02:15.298105 WARN] User-defined single floor area was used for calculation of total building floor area
[13:02:24.858263 WARN] [openstudio.standards.Model] Find object search criteria returned 5 results, the first one will be returned. Called from /Users/tkwasnik/github/urbanopt-example-geojson-reopt-project/.bundle/install/ruby/2.2.0/gems/openstudio-standards-0.2.10/lib/openstudio-standards/standards/Standards.Model.rb:2431:in `model_find_and_add_construction'. 
 Search criteria: 
 {"template"=>"90.1-2004", "climate_zone_set"=>"ClimateZone 6", "intended_surface_type"=>"ExteriorWindow", "standards_construction_type"=>"Metal framing (all other)", "building_category"=>"Nonresidential"}, capacity =  
  All results: 
 {"template"=>"90.1-2004", "climate_zone_set"=>"ClimateZone 6", "operation_type"=>nil, "intended_surface_type"=>"ExteriorWindow", "standards_construction_type"=>"Metal framing (all other)", "building_category"=>"Nonresidential", "construction"=>"U 0.57 SHGC 0.49 Dbl Blue 6mm/6mm Air", "orientation"=>nil, "minimum_percent_of_surface"=>1.0, "maximum_percent_of_surface"=>10.0, "assembly_maximum_u_value"=>0.57, "u_value_includes_interior_film_coefficient"=>true, "u_value_includes_exterior_film_coefficient"=>true, "assembly_maximum_f_factor"=>nil, "assembly_maximum_c_factor"=>nil, "assembly_maximum_solar_heat_gain_coefficient"=>0.49, "assembly_minimum_vt_shgc"=>nil, "notes"=>nil}
{"template"=>"90.1-2004", "climate_zone_set"=>"ClimateZone 6", "operation_type"=>nil, "intended_surface_type"=>"ExteriorWindow", "standards_construction_type"=>"Metal framing (all other)", "building_category"=>"Nonresidential", "construction"=>"U 0.57 SHGC 0.39 Dbl Ref-D Clr 6mm/6mm Air", "orientation"=>nil, "minimum_percent_of_surface"=>10.001, "maximum_percent_of_surface"=>20.0, "assembly_maximum_u_value"=>0.57, "u_value_includes_interior_film_coefficient"=>true, "u_value_includes_exterior_film_coefficient"=>true, "assembly_maximum_f_factor"=>nil, "assembly_maximum_c_factor"=>nil, "assembly_maximum_solar_heat_gain_coefficient"=>0.39, "assembly_minimum_vt_shgc"=>nil, "notes"=>nil}
{"template"=>"90.1-2004", "climate_zone_set"=>"ClimateZone 6", "operation_type"=>nil, "intended_surface_type"=>"ExteriorWindow", "standards_construction_type"=>"Metal framing (all other)", "building_category"=>"Nonresidential", "construction"=>"U 0.57 SHGC 0.39 Dbl Ref-D Clr 6mm/6mm Air", "orientation"=>nil, "minimum_percent_of_surface"=>20.001, "maximum_percent_of_surface"=>30.0, "assembly_maximum_u_value"=>0.57, "u_value_includes_interior_film_coefficient"=>true, "u_value_includes_exterior_film_coefficient"=>true, "assembly_maximum_f_factor"=>nil, "assembly_maximum_c_factor"=>nil, "assembly_maximum_solar_heat_gain_coefficient"=>0.39, "assembly_minimum_vt_shgc"=>nil, "notes"=>nil}
{"template"=>"90.1-2004", "climate_zone_set"=>"ClimateZone 6", "operation_type"=>nil, "intended_surface_type"=>"ExteriorWindow", "standards_construction_type"=>"Metal framing (all other)", "building_category"=>"Nonresidential", "construction"=>"U 0.57 SHGC 0.39 Dbl Ref-D Clr 6mm/6mm Air", "orientation"=>nil, "minimum_percent_of_surface"=>30.001, "maximum_percent_of_surface"=>40.0, "assembly_maximum_u_value"=>0.57, "u_value_includes_interior_film_coefficient"=>true, "u_value_includes_exterior_film_coefficient"=>true, "assembly_maximum_f_factor"=>nil, "assembly_maximum_c_factor"=>nil, "assembly_maximum_solar_heat_gain_coefficient"=>0.39, "assembly_minimum_vt_shgc"=>nil, "notes"=>nil}
{"template"=>"90.1-2004", "climate_zone_set"=>"ClimateZone 6", "operation_type"=>nil, "intended_surface_type"=>"ExteriorWindow", "standards_construction_type"=>"Metal framing (all other)", "building_category"=>"Nonresidential", "construction"=>"U 0.44 SHGC 0.20 Dbl Ref-B-H Tint 6mm/13mm Air", "orientation"=>nil, "minimum_percent_of_surface"=>40.001, "maximum_percent_of_surface"=>100.0, "assembly_maximum_u_value"=>0.46, "u_value_includes_interior_film_coefficient"=>true, "u_value_includes_exterior_film_coefficient"=>true, "assembly_maximum_f_factor"=>nil, "assembly_maximum_c_factor"=>nil, "assembly_maximum_solar_heat_gain_coefficient"=>0.26, "assembly_minimum_vt_shgc"=>nil, "notes"=>nil}
[13:02:24.858424 WARN] [openstudio.standards.ConstructionBase] Can only set the u-value of opaque constructions or simple glazing. U 0.57 SHGC 0.49 Dbl Blue 6mm/6mm Air is not opaque or simple glazing.
[13:02:24.858635 WARN] [openstudio.standards.Model] Find object search criteria returned 5 results, the first one will be returned. Called from /Users/tkwasnik/github/urbanopt-example-geojson-reopt-project/.bundle/install/ruby/2.2.0/gems/openstudio-standards-0.2.10/lib/openstudio-standards/standards/Standards.Model.rb:2431:in `model_find_and_add_construction'. 
 Search criteria: 
 {"template"=>"90.1-2004", "climate_zone_set"=>"ClimateZone 6", "intended_surface_type"=>"ExteriorWindow", "standards_construction_type"=>"Metal framing (all other)", "building_category"=>"Nonresidential"}, capacity =  
  All results: 
 {"template"=>"90.1-2004", "climate_zone_set"=>"ClimateZone 6", "operation_type"=>nil, "intended_surface_type"=>"ExteriorWindow", "standards_construction_type"=>"Metal framing (all other)", "building_category"=>"Nonresidential", "construction"=>"U 0.57 SHGC 0.49 Dbl Blue 6mm/6mm Air", "orientation"=>nil, "minimum_percent_of_surface"=>1.0, "maximum_percent_of_surface"=>10.0, "assembly_maximum_u_value"=>0.57, "u_value_includes_interior_film_coefficient"=>true, "u_value_includes_exterior_film_coefficient"=>true, "assembly_maximum_f_factor"=>nil, "assembly_maximum_c_factor"=>nil, "assembly_maximum_solar_heat_gain_coefficient"=>0.49, "assembly_minimum_vt_shgc"=>nil, "notes"=>nil}
{"template"=>"90.1-2004", "climate_zone_set"=>"ClimateZone 6", "operation_type"=>nil, "intended_surface_type"=>"ExteriorWindow", "standards_construction_type"=>"Metal framing (all other)", "building_category"=>"Nonresidential", "construction"=>"U 0.57 SHGC 0.39 Dbl Ref-D Clr 6mm/6mm Air", "orientation"=>nil, "minimum_percent_of_surface"=>10.001, "maximum_percent_of_surface"=>20.0, "assembly_maximum_u_value"=>0.57, "u_value_includes_interior_film_coefficient"=>true, "u_value_includes_exterior_film_coefficient"=>true, "assembly_maximum_f_factor"=>nil, "assembly_maximum_c_factor"=>nil, "assembly_maximum_solar_heat_gain_coefficient"=>0.39, "assembly_minimum_vt_shgc"=>nil, "notes"=>nil}
{"template"=>"90.1-2004", "climate_zone_set"=>"ClimateZone 6", "operation_type"=>nil, "intended_surface_type"=>"ExteriorWindow", "standards_construction_type"=>"Metal framing (all other)", "building_category"=>"Nonresidential", "construction"=>"U 0.57 SHGC 0.39 Dbl Ref-D Clr 6mm/6mm Air", "orientation"=>nil, "minimum_percent_of_surface"=>20.001, "maximum_percent_of_surface"=>30.0, "assembly_maximum_u_value"=>0.57, "u_value_includes_interior_film_coefficient"=>true, "u_value_includes_exterior_film_coefficient"=>true, "assembly_maximum_f_factor"=>nil, "assembly_maximum_c_factor"=>nil, "assembly_maximum_solar_heat_gain_coefficient"=>0.39, "assembly_minimum_vt_shgc"=>nil, "notes"=>nil}
{"template"=>"90.1-2004", "climate_zone_set"=>"ClimateZone 6", "operation_type"=>nil, "intended_surface_type"=>"ExteriorWindow", "standards_construction_type"=>"Metal framing (all other)", "building_category"=>"Nonresidential", "construction"=>"U 0.57 SHGC 0.39 Dbl Ref-D Clr 6mm/6mm Air", "orientation"=>nil, "minimum_percent_of_surface"=>30.001, "maximum_percent_of_surface"=>40.0, "assembly_maximum_u_value"=>0.57, "u_value_includes_interior_film_coefficient"=>true, "u_value_includes_exterior_film_coefficient"=>true, "assembly_maximum_f_factor"=>nil, "assembly_maximum_c_factor"=>nil, "assembly_maximum_solar_heat_gain_coefficient"=>0.39, "assembly_minimum_vt_shgc"=>nil, "notes"=>nil}
{"template"=>"90.1-2004", "climate_zone_set"=>"ClimateZone 6", "operation_type"=>nil, "intended_surface_type"=>"ExteriorWindow", "standards_construction_type"=>"Metal framing (all other)", "building_category"=>"Nonresidential", "construction"=>"U 0.44 SHGC 0.20 Dbl Ref-B-H Tint 6mm/13mm Air", "orientation"=>nil, "minimum_percent_of_surface"=>40.001, "maximum_percent_of_surface"=>100.0, "assembly_maximum_u_value"=>0.46, "u_value_includes_interior_film_coefficient"=>true, "u_value_includes_exterior_film_coefficient"=>true, "assembly_maximum_f_factor"=>nil, "assembly_maximum_c_factor"=>nil, "assembly_maximum_solar_heat_gain_coefficient"=>0.26, "assembly_minimum_vt_shgc"=>nil, "notes"=>nil}
[13:02:24.859161 WARN] [openstudio.standards.Model] Find object search criteria returned 5 results, the first one will be returned. Called from /Users/tkwasnik/github/urbanopt-example-geojson-reopt-project/.bundle/install/ruby/2.2.0/gems/openstudio-standards-0.2.10/lib/openstudio-standards/standards/Standards.Model.rb:2431:in `model_find_and_add_construction'. 
 Search criteria: 
 {"template"=>"90.1-2004", "climate_zone_set"=>"ClimateZone 6", "intended_surface_type"=>"GlassDoor", "standards_construction_type"=>"Metal framing (entrance door)", "building_category"=>"Nonresidential"}, capacity =  
  All results: 
 {"template"=>"90.1-2004", "climate_zone_set"=>"ClimateZone 6", "operation_type"=>nil, "intended_surface_type"=>"GlassDoor", "standards_construction_type"=>"Metal framing (entrance door)", "building_category"=>"Nonresidential", "construction"=>"U 0.57 SHGC 0.49 Dbl Blue 6mm/6mm Air", "orientation"=>nil, "minimum_percent_of_surface"=>1.0, "maximum_percent_of_surface"=>10.0, "assembly_maximum_u_value"=>0.57, "u_value_includes_interior_film_coefficient"=>true, "u_value_includes_exterior_film_coefficient"=>true, "assembly_maximum_f_factor"=>nil, "assembly_maximum_c_factor"=>nil, "assembly_maximum_solar_heat_gain_coefficient"=>0.49, "assembly_minimum_vt_shgc"=>nil, "notes"=>nil}
{"template"=>"90.1-2004", "climate_zone_set"=>"ClimateZone 6", "operation_type"=>nil, "intended_surface_type"=>"GlassDoor", "standards_construction_type"=>"Metal framing (entrance door)", "building_category"=>"Nonresidential", "construction"=>"U 0.57 SHGC 0.39 Dbl Ref-D Clr 6mm/6mm Air", "orientation"=>nil, "minimum_percent_of_surface"=>10.001, "maximum_percent_of_surface"=>20.0, "assembly_maximum_u_value"=>0.57, "u_value_includes_interior_film_coefficient"=>true, "u_value_includes_exterior_film_coefficient"=>true, "assembly_maximum_f_factor"=>nil, "assembly_maximum_c_factor"=>nil, "assembly_maximum_solar_heat_gain_coefficient"=>0.39, "assembly_minimum_vt_shgc"=>nil, "notes"=>nil}
{"template"=>"90.1-2004", "climate_zone_set"=>"ClimateZone 6", "operation_type"=>nil, "intended_surface_type"=>"GlassDoor", "standards_construction_type"=>"Metal framing (entrance door)", "building_category"=>"Nonresidential", "construction"=>"U 0.57 SHGC 0.39 Dbl Ref-D Clr 6mm/6mm Air", "orientation"=>nil, "minimum_percent_of_surface"=>20.001, "maximum_percent_of_surface"=>30.0, "assembly_maximum_u_value"=>0.57, "u_value_includes_interior_film_coefficient"=>true, "u_value_includes_exterior_film_coefficient"=>true, "assembly_maximum_f_factor"=>nil, "assembly_maximum_c_factor"=>nil, "assembly_maximum_solar_heat_gain_coefficient"=>0.39, "assembly_minimum_vt_shgc"=>nil, "notes"=>nil}
{"template"=>"90.1-2004", "climate_zone_set"=>"ClimateZone 6", "operation_type"=>nil, "intended_surface_type"=>"GlassDoor", "standards_construction_type"=>"Metal framing (entrance door)", "building_category"=>"Nonresidential", "construction"=>"U 0.57 SHGC 0.39 Dbl Ref-D Clr 6mm/6mm Air", "orientation"=>nil, "minimum_percent_of_surface"=>30.001, "maximum_percent_of_surface"=>40.0, "assembly_maximum_u_value"=>0.57, "u_value_includes_interior_film_coefficient"=>true, "u_value_includes_exterior_film_coefficient"=>true, "assembly_maximum_f_factor"=>nil, "assembly_maximum_c_factor"=>nil, "assembly_maximum_solar_heat_gain_coefficient"=>0.39, "assembly_minimum_vt_shgc"=>nil, "notes"=>nil}
{"template"=>"90.1-2004", "climate_zone_set"=>"ClimateZone 6", "operation_type"=>nil, "intended_surface_type"=>"GlassDoor", "standards_construction_type"=>"Metal framing (entrance door)", "building_category"=>"Nonresidential", "construction"=>"U 0.44 SHGC 0.20 Dbl Ref-B-H Tint 6mm/13mm Air", "orientation"=>nil, "minimum_percent_of_surface"=>40.001, "maximum_percent_of_surface"=>100.0, "assembly_maximum_u_value"=>0.46, "u_value_includes_interior_film_coefficient"=>true, "u_value_includes_exterior_film_coefficient"=>true, "assembly_maximum_f_factor"=>nil, "assembly_maximum_c_factor"=>nil, "assembly_maximum_solar_heat_gain_coefficient"=>0.26, "assembly_minimum_vt_shgc"=>nil, "notes"=>nil}
[13:02:24.871908 WARN] [openstudio.model.Model] In model_add_typical, num_water_heaters = 30
[13:02:28.566029 WARN] Surface elevation not set for building 'Residential 3'
[13:02:28.596888 WARN] Reversing floor print
[13:02:28.617056 WARN] Reversing floor print
[13:02:28.633245 WARN] Reversing floor print
[13:02:28.636460 WARN] Reversing floor print
[13:02:28.655413 WARN] Reversing floor print
[13:02:28.659268 WARN] Reversing floor print
[13:02:28.665442 WARN] Reversing floor print
[13:02:42.368576 WARN] [openstudio.standards.Model] Find object search criteria returned 2 results, the first one will be returned. Called from /Users/tkwasnik/github/urbanopt-example-geojson-reopt-project/.bundle/install/ruby/2.2.0/gems/openstudio-standards-0.2.10/lib/openstudio-standards/prototypes/common/objects/Prototype.Model.hvac.rb:491:in `model_typical_hvac_system_type'. 
 Search criteria: 
 {"template"=>"90.1-2004", "building_category"=>"Residential"}, capacity =  
  All results: 
 {"template"=>"90.1-2004", "building_category"=>"Residential", "minimum_floors"=>0.0, "maximum_floors"=>3.0, "minimum_area"=>0.0, "maximum_area"=>99999999.0, "size_category"=>"res_small"}
{"template"=>"90.1-2004", "building_category"=>"Residential", "minimum_floors"=>3.0, "maximum_floors"=>999.0, "minimum_area"=>0.0, "maximum_area"=>99999999.0, "size_category"=>"res_med"}
