[12:46:24.366150 WARN] No valid weather file defined in either the osm or osw.
[12:46:25.634426 WARN] weather_file.path is .
[12:46:35.838188 WARN] Could not find color for 90.1-2004 FullServiceRestaurant Dining
[12:46:35.839296 WARN] Could not find color for 90.1-2004 FullServiceRestaurant Kitchen
[12:46:35.841726 WARN] User-defined single floor area was used for calculation of total building floor area
[12:46:40.859088 WARN] [openstudio.standards.Model] Find object search criteria returned 5 results, the first one will be returned. Called from /Users/tkwasnik/github/urbanopt-example-geojson-reopt-project/.bundle/install/ruby/2.2.0/gems/openstudio-standards-0.2.10/lib/openstudio-standards/standards/Standards.Model.rb:2431:in `model_find_and_add_construction'. 
 Search criteria: 
 {"template"=>"90.1-2004", "climate_zone_set"=>"ClimateZone 6", "intended_surface_type"=>"ExteriorWindow", "standards_construction_type"=>"Metal framing (all other)", "building_category"=>"Nonresidential"}, capacity =  
  All results: 
 {"template"=>"90.1-2004", "climate_zone_set"=>"ClimateZone 6", "operation_type"=>nil, "intended_surface_type"=>"ExteriorWindow", "standards_construction_type"=>"Metal framing (all other)", "building_category"=>"Nonresidential", "construction"=>"U 0.57 SHGC 0.49 Dbl Blue 6mm/6mm Air", "orientation"=>nil, "minimum_percent_of_surface"=>1.0, "maximum_percent_of_surface"=>10.0, "assembly_maximum_u_value"=>0.57, "u_value_includes_interior_film_coefficient"=>true, "u_value_includes_exterior_film_coefficient"=>true, "assembly_maximum_f_factor"=>nil, "assembly_maximum_c_factor"=>nil, "assembly_maximum_solar_heat_gain_coefficient"=>0.49, "assembly_minimum_vt_shgc"=>nil, "notes"=>nil}
{"template"=>"90.1-2004", "climate_zone_set"=>"ClimateZone 6", "operation_type"=>nil, "intended_surface_type"=>"ExteriorWindow", "standards_construction_type"=>"Metal framing (all other)", "building_category"=>"Nonresidential", "construction"=>"U 0.57 SHGC 0.39 Dbl Ref-D Clr 6mm/6mm Air", "orientation"=>nil, "minimum_percent_of_surface"=>10.001, "maximum_percent_of_surface"=>20.0, "assembly_maximum_u_value"=>0.57, "u_value_includes_interior_film_coefficient"=>true, "u_value_includes_exterior_film_coefficient"=>true, "assembly_maximum_f_factor"=>nil, "assembly_maximum_c_factor"=>nil, "assembly_maximum_solar_heat_gain_coefficient"=>0.39, "assembly_minimum_vt_shgc"=>nil, "notes"=>nil}
{"template"=>"90.1-2004", "climate_zone_set"=>"ClimateZone 6", "operation_type"=>nil, "intended_surface_type"=>"ExteriorWindow", "standards_construction_type"=>"Metal framing (all other)", "building_category"=>"Nonresidential", "construction"=>"U 0.57 SHGC 0.39 Dbl Ref-D Clr 6mm/6mm Air", "orientation"=>nil, "minimum_percent_of_surface"=>20.001, "maximum_percent_of_surface"=>30.0, "assembly_maximum_u_value"=>0.57, "u_value_includes_interior_film_coefficient"=>true, "u_value_includes_exterior_film_coefficient"=>true, "assembly_maximum_f_factor"=>nil, "assembly_maximum_c_factor"=>nil, "assembly_maximum_solar_heat_gain_coefficient"=>0.39, "assembly_minimum_vt_shgc"=>nil, "notes"=>nil}
{"template"=>"90.1-2004", "climate_zone_set"=>"ClimateZone 6", "operation_type"=>nil, "intended_surface_type"=>"ExteriorWindow", "standards_construction_type"=>"Metal framing (all other)", "building_category"=>"Nonresidential", "construction"=>"U 0.57 SHGC 0.39 Dbl Ref-D Clr 6mm/6mm Air", "orientation"=>nil, "minimum_percent_of_surface"=>30.001, "maximum_percent_of_surface"=>40.0, "assembly_maximum_u_value"=>0.57, "u_value_includes_interior_film_coefficient"=>true, "u_value_includes_exterior_film_coefficient"=>true, "assembly_maximum_f_factor"=>nil, "assembly_maximum_c_factor"=>nil, "assembly_maximum_solar_heat_gain_coefficient"=>0.39, "assembly_minimum_vt_shgc"=>nil, "notes"=>nil}
{"template"=>"90.1-2004", "climate_zone_set"=>"ClimateZone 6", "operation_type"=>nil, "intended_surface_type"=>"ExteriorWindow", "standards_construction_type"=>"Metal framing (all other)", "building_category"=>"Nonresidential", "construction"=>"U 0.44 SHGC 0.20 Dbl Ref-B-H Tint 6mm/13mm Air", "orientation"=>nil, "minimum_percent_of_surface"=>40.001, "maximum_percent_of_surface"=>100.0, "assembly_maximum_u_value"=>0.46, "u_value_includes_interior_film_coefficient"=>true, "u_value_includes_exterior_film_coefficient"=>true, "assembly_maximum_f_factor"=>nil, "assembly_maximum_c_factor"=>nil, "assembly_maximum_solar_heat_gain_coefficient"=>0.26, "assembly_minimum_vt_shgc"=>nil, "notes"=>nil}
[12:46:40.859235 WARN] [openstudio.standards.ConstructionBase] Can only set the u-value of opaque constructions or simple glazing. U 0.57 SHGC 0.49 Dbl Blue 6mm/6mm Air is not opaque or simple glazing.
[12:46:40.859322 WARN] [openstudio.standards.Model] Find object search criteria returned 5 results, the first one will be returned. Called from /Users/tkwasnik/github/urbanopt-example-geojson-reopt-project/.bundle/install/ruby/2.2.0/gems/openstudio-standards-0.2.10/lib/openstudio-standards/standards/Standards.Model.rb:2431:in `model_find_and_add_construction'. 
 Search criteria: 
 {"template"=>"90.1-2004", "climate_zone_set"=>"ClimateZone 6", "intended_surface_type"=>"ExteriorWindow", "standards_construction_type"=>"Metal framing (all other)", "building_category"=>"Nonresidential"}, capacity =  
  All results: 
 {"template"=>"90.1-2004", "climate_zone_set"=>"ClimateZone 6", "operation_type"=>nil, "intended_surface_type"=>"ExteriorWindow", "standards_construction_type"=>"Metal framing (all other)", "building_category"=>"Nonresidential", "construction"=>"U 0.57 SHGC 0.49 Dbl Blue 6mm/6mm Air", "orientation"=>nil, "minimum_percent_of_surface"=>1.0, "maximum_percent_of_surface"=>10.0, "assembly_maximum_u_value"=>0.57, "u_value_includes_interior_film_coefficient"=>true, "u_value_includes_exterior_film_coefficient"=>true, "assembly_maximum_f_factor"=>nil, "assembly_maximum_c_factor"=>nil, "assembly_maximum_solar_heat_gain_coefficient"=>0.49, "assembly_minimum_vt_shgc"=>nil, "notes"=>nil}
{"template"=>"90.1-2004", "climate_zone_set"=>"ClimateZone 6", "operation_type"=>nil, "intended_surface_type"=>"ExteriorWindow", "standards_construction_type"=>"Metal framing (all other)", "building_category"=>"Nonresidential", "construction"=>"U 0.57 SHGC 0.39 Dbl Ref-D Clr 6mm/6mm Air", "orientation"=>nil, "minimum_percent_of_surface"=>10.001, "maximum_percent_of_surface"=>20.0, "assembly_maximum_u_value"=>0.57, "u_value_includes_interior_film_coefficient"=>true, "u_value_includes_exterior_film_coefficient"=>true, "assembly_maximum_f_factor"=>nil, "assembly_maximum_c_factor"=>nil, "assembly_maximum_solar_heat_gain_coefficient"=>0.39, "assembly_minimum_vt_shgc"=>nil, "notes"=>nil}
{"template"=>"90.1-2004", "climate_zone_set"=>"ClimateZone 6", "operation_type"=>nil, "intended_surface_type"=>"ExteriorWindow", "standards_construction_type"=>"Metal framing (all other)", "building_category"=>"Nonresidential", "construction"=>"U 0.57 SHGC 0.39 Dbl Ref-D Clr 6mm/6mm Air", "orientation"=>nil, "minimum_percent_of_surface"=>20.001, "maximum_percent_of_surface"=>30.0, "assembly_maximum_u_value"=>0.57, "u_value_includes_interior_film_coefficient"=>true, "u_value_includes_exterior_film_coefficient"=>true, "assembly_maximum_f_factor"=>nil, "assembly_maximum_c_factor"=>nil, "assembly_maximum_solar_heat_gain_coefficient"=>0.39, "assembly_minimum_vt_shgc"=>nil, "notes"=>nil}
{"template"=>"90.1-2004", "climate_zone_set"=>"ClimateZone 6", "operation_type"=>nil, "intended_surface_type"=>"ExteriorWindow", "standards_construction_type"=>"Metal framing (all other)", "building_category"=>"Nonresidential", "construction"=>"U 0.57 SHGC 0.39 Dbl Ref-D Clr 6mm/6mm Air", "orientation"=>nil, "minimum_percent_of_surface"=>30.001, "maximum_percent_of_surface"=>40.0, "assembly_maximum_u_value"=>0.57, "u_value_includes_interior_film_coefficient"=>true, "u_value_includes_exterior_film_coefficient"=>true, "assembly_maximum_f_factor"=>nil, "assembly_maximum_c_factor"=>nil, "assembly_maximum_solar_heat_gain_coefficient"=>0.39, "assembly_minimum_vt_shgc"=>nil, "notes"=>nil}
{"template"=>"90.1-2004", "climate_zone_set"=>"ClimateZone 6", "operation_type"=>nil, "intended_surface_type"=>"ExteriorWindow", "standards_construction_type"=>"Metal framing (all other)", "building_category"=>"Nonresidential", "construction"=>"U 0.44 SHGC 0.20 Dbl Ref-B-H Tint 6mm/13mm Air", "orientation"=>nil, "minimum_percent_of_surface"=>40.001, "maximum_percent_of_surface"=>100.0, "assembly_maximum_u_value"=>0.46, "u_value_includes_interior_film_coefficient"=>true, "u_value_includes_exterior_film_coefficient"=>true, "assembly_maximum_f_factor"=>nil, "assembly_maximum_c_factor"=>nil, "assembly_maximum_solar_heat_gain_coefficient"=>0.26, "assembly_minimum_vt_shgc"=>nil, "notes"=>nil}
[12:46:40.861681 WARN] [openstudio.standards.Model] Find object search criteria returned 5 results, the first one will be returned. Called from /Users/tkwasnik/github/urbanopt-example-geojson-reopt-project/.bundle/install/ruby/2.2.0/gems/openstudio-standards-0.2.10/lib/openstudio-standards/standards/Standards.Model.rb:2431:in `model_find_and_add_construction'. 
 Search criteria: 
 {"template"=>"90.1-2004", "climate_zone_set"=>"ClimateZone 6", "intended_surface_type"=>"GlassDoor", "standards_construction_type"=>"Metal framing (entrance door)", "building_category"=>"Nonresidential"}, capacity =  
  All results: 
 {"template"=>"90.1-2004", "climate_zone_set"=>"ClimateZone 6", "operation_type"=>nil, "intended_surface_type"=>"GlassDoor", "standards_construction_type"=>"Metal framing (entrance door)", "building_category"=>"Nonresidential", "construction"=>"U 0.57 SHGC 0.49 Dbl Blue 6mm/6mm Air", "orientation"=>nil, "minimum_percent_of_surface"=>1.0, "maximum_percent_of_surface"=>10.0, "assembly_maximum_u_value"=>0.57, "u_value_includes_interior_film_coefficient"=>true, "u_value_includes_exterior_film_coefficient"=>true, "assembly_maximum_f_factor"=>nil, "assembly_maximum_c_factor"=>nil, "assembly_maximum_solar_heat_gain_coefficient"=>0.49, "assembly_minimum_vt_shgc"=>nil, "notes"=>nil}
{"template"=>"90.1-2004", "climate_zone_set"=>"ClimateZone 6", "operation_type"=>nil, "intended_surface_type"=>"GlassDoor", "standards_construction_type"=>"Metal framing (entrance door)", "building_category"=>"Nonresidential", "construction"=>"U 0.57 SHGC 0.39 Dbl Ref-D Clr 6mm/6mm Air", "orientation"=>nil, "minimum_percent_of_surface"=>10.001, "maximum_percent_of_surface"=>20.0, "assembly_maximum_u_value"=>0.57, "u_value_includes_interior_film_coefficient"=>true, "u_value_includes_exterior_film_coefficient"=>true, "assembly_maximum_f_factor"=>nil, "assembly_maximum_c_factor"=>nil, "assembly_maximum_solar_heat_gain_coefficient"=>0.39, "assembly_minimum_vt_shgc"=>nil, "notes"=>nil}
{"template"=>"90.1-2004", "climate_zone_set"=>"ClimateZone 6", "operation_type"=>nil, "intended_surface_type"=>"GlassDoor", "standards_construction_type"=>"Metal framing (entrance door)", "building_category"=>"Nonresidential", "construction"=>"U 0.57 SHGC 0.39 Dbl Ref-D Clr 6mm/6mm Air", "orientation"=>nil, "minimum_percent_of_surface"=>20.001, "maximum_percent_of_surface"=>30.0, "assembly_maximum_u_value"=>0.57, "u_value_includes_interior_film_coefficient"=>true, "u_value_includes_exterior_film_coefficient"=>true, "assembly_maximum_f_factor"=>nil, "assembly_maximum_c_factor"=>nil, "assembly_maximum_solar_heat_gain_coefficient"=>0.39, "assembly_minimum_vt_shgc"=>nil, "notes"=>nil}
{"template"=>"90.1-2004", "climate_zone_set"=>"ClimateZone 6", "operation_type"=>nil, "intended_surface_type"=>"GlassDoor", "standards_construction_type"=>"Metal framing (entrance door)", "building_category"=>"Nonresidential", "construction"=>"U 0.57 SHGC 0.39 Dbl Ref-D Clr 6mm/6mm Air", "orientation"=>nil, "minimum_percent_of_surface"=>30.001, "maximum_percent_of_surface"=>40.0, "assembly_maximum_u_value"=>0.57, "u_value_includes_interior_film_coefficient"=>true, "u_value_includes_exterior_film_coefficient"=>true, "assembly_maximum_f_factor"=>nil, "assembly_maximum_c_factor"=>nil, "assembly_maximum_solar_heat_gain_coefficient"=>0.39, "assembly_minimum_vt_shgc"=>nil, "notes"=>nil}
{"template"=>"90.1-2004", "climate_zone_set"=>"ClimateZone 6", "operation_type"=>nil, "intended_surface_type"=>"GlassDoor", "standards_construction_type"=>"Metal framing (entrance door)", "building_category"=>"Nonresidential", "construction"=>"U 0.44 SHGC 0.20 Dbl Ref-B-H Tint 6mm/13mm Air", "orientation"=>nil, "minimum_percent_of_surface"=>40.001, "maximum_percent_of_surface"=>100.0, "assembly_maximum_u_value"=>0.46, "u_value_includes_interior_film_coefficient"=>true, "u_value_includes_exterior_film_coefficient"=>true, "assembly_maximum_f_factor"=>nil, "assembly_maximum_c_factor"=>nil, "assembly_maximum_solar_heat_gain_coefficient"=>0.26, "assembly_minimum_vt_shgc"=>nil, "notes"=>nil}
[12:46:40.863444 WARN] [openstudio.model.Model] Model has zone with
[12:46:40.863690 WARN] [openstudio.model.Model] Model has zone with
[12:46:40.863910 WARN] [openstudio.model.Model] Model has zone with
[12:46:40.864340 WARN] [openstudio.model.Model] In model_add_typical, num_water_heaters = 1
[12:46:44.191422 WARN] Surface elevation not set for building 'Restaurant 1'
[12:46:44.200746 WARN] Reversing floor print
[12:46:44.203432 WARN] Reversing floor print
[12:46:44.205097 WARN] Reversing floor print
[12:46:44.208520 WARN] Reversing floor print
[12:46:44.210269 WARN] Reversing floor print
[12:46:44.214379 WARN] Reversing floor print
[12:46:44.242637 WARN] Reversing floor print
[12:46:57.468874 WARN] [openstudio.model.Model] The run completed but had the following severe errors: InitFans: Fan=
[12:46:57.469668 WARN] [openstudio.standards.AirLoopHVAC] Cannot find economizer limits for 90.1-2004, , assuming no economizer required.
[12:46:57.470712 WARN] [openstudio.standards.BoilerHotWater] For Boiler, cannot find boiler properties with search criteria {"template"=>"90.1-2004", "fuel_type"=>"Gas", "fluid_type"=>"Hot Water"}, cannot apply efficiency standard.
